<?xml version="1.0" encoding="UTF-8"?>
<testsuite xmlns:xsi="http://www.w3.org/2001/XMLSchema-instance" xsi:noNamespaceSchemaLocation="https://maven.apache.org/surefire/maven-surefire-plugin/xsd/surefire-test-report.xsd" version="3.0.2" name="com.quick_park_assist.controllerTest.AddonServiceTests" time="0.021" tests="6" errors="0" skipped="0" failures="0">
  <properties>
[...]
</properties>
  <testcase name="testDuration" classname="com.quick_park_assist.controllerTest.AddonServiceTests" time="0.002"/>
  <testcase name="testPrice" classname="com.quick_park_assist.controllerTest.AddonServiceTests" time="0.009"/>
  <testcase name="testName" classname="com.quick_park_assist.controllerTest.AddonServiceTests" time="0.0"/>
  <testcase name="testUser" classname="com.quick_park_assist.controllerTest.AddonServiceTests" time="0.0"/>
  <testcase name="testId" classname="com.quick_park_assist.controllerTest.AddonServiceTests" time="0.001"/>
  <testcase name="testServiceId" classname="com.quick_park_assist.controllerTest.AddonServiceTests" time="0.0"/>
</testsuite>