<?xml version="1.0" encoding="UTF-8"?>
<testsuite xmlns:xsi="http://www.w3.org/2001/XMLSchema-instance" xsi:noNamespaceSchemaLocation="https://maven.apache.org/surefire/maven-surefire-plugin/xsd/surefire-test-report.xsd" version="3.0.2" name="com.quick_park_assist.controllerTest.ReservationControllerTest" time="13.542" tests="110" errors="0" skipped="0" failures="1">
  <properties>
[...]
</properties>
  <testcase name="testListReservationsWhenUserNotLoggedIn" classname="com.quick_park_assist.controllerTest.ReservationControllerTest" time="0.018">
    <system-out><![CDATA[2025-02-04 11:53:28 INFO  [main] org.springframework.test.context.support.AnnotationConfigContextLoaderUtils - Could not detect default configuration classes for test class [com.quick_park_assist.controllerTest.ReservationControllerTest]: ReservationControllerTest does not declare any static, non-private, non-final, nested classes annotated with @Configuration.
2025-02-04 11:53:28 INFO  [main] org.springframework.boot.test.context.SpringBootTestContextBootstrapper - Found @SpringBootConfiguration com.quick_park_assist.QuickParkAssistApplication for test class com.quick_park_assist.controllerTest.ReservationControllerTest

  .   ____          _            __ _ _
 /\\ / ___'_ __ _ _(_)_ __  __ _ \ \ \ \
( ( )\___ | '_ | '_| | '_ \/ _` | \ \ \ \
 \\/  ___)| |_)| | | | | || (_| |  ) ) ) )
  '  |____| .__|_| |_|_| |_\__, | / / / /
 =========|_|==============|___/=/_/_/_/

 :: Spring Boot ::                (v3.4.1)

2025-02-04 11:53:29 INFO  [main] com.quick_park_assist.controllerTest.ReservationControllerTest - Starting ReservationControllerTest using Java 17.0.12 with PID 10060 (started by ragul in C:\Users\ragul\git\quick-park-assist)
2025-02-04 11:53:29 DEBUG [main] com.quick_park_assist.controllerTest.ReservationControllerTest - Running with Spring Boot v3.4.1, Spring v6.2.1
2025-02-04 11:53:29 INFO  [main] com.quick_park_assist.controllerTest.ReservationControllerTest - No active profile set, falling back to 1 default profile: "default"
2025-02-04 11:53:30 INFO  [main] org.springframework.data.repository.config.RepositoryConfigurationDelegate - Bootstrapping Spring Data JPA repositories in DEFAULT mode.
2025-02-04 11:53:31 INFO  [main] org.springframework.data.repository.config.RepositoryConfigurationDelegate - Finished Spring Data repository scanning in 127 ms. Found 8 JPA repository interfaces.
2025-02-04 11:53:31 INFO  [main] org.hibernate.jpa.internal.util.LogHelper - HHH000204: Processing PersistenceUnitInfo [name: default]
2025-02-04 11:53:31 INFO  [main] org.hibernate.Version - HHH000412: Hibernate ORM core version 6.6.4.Final
2025-02-04 11:53:32 INFO  [main] org.hibernate.cache.internal.RegionFactoryInitiator - HHH000026: Second-level cache disabled
2025-02-04 11:53:32 INFO  [main] org.springframework.orm.jpa.persistenceunit.SpringPersistenceUnitInfo - No LoadTimeWeaver setup: ignoring JPA class transformer
2025-02-04 11:53:32 INFO  [main] com.zaxxer.hikari.HikariDataSource - HikariPool-1 - Starting...
2025-02-04 11:53:32 INFO  [main] com.zaxxer.hikari.pool.HikariPool - HikariPool-1 - Added connection com.mysql.cj.jdbc.ConnectionImpl@20c1fede
2025-02-04 11:53:32 INFO  [main] com.zaxxer.hikari.HikariDataSource - HikariPool-1 - Start completed.
2025-02-04 11:53:33 INFO  [main] org.hibernate.orm.connections.pooling - HHH10001005: Database info:
	Database JDBC URL [Connecting through datasource 'HikariDataSource (HikariPool-1)']
	Database driver: undefined/unknown
	Database version: 8.0.36
	Autocommit mode: undefined/unknown
	Isolation level: undefined/unknown
	Minimum pool size: undefined/unknown
	Maximum pool size: undefined/unknown
2025-02-04 11:53:34 INFO  [main] org.hibernate.engine.transaction.jta.platform.internal.JtaPlatformInitiator - HHH000489: No JTA platform available (set 'hibernate.transaction.jta.platform' to enable JTA platform integration)
Hibernate: 
    alter table reservations 
       add column spot_id bigint
2025-02-04 11:53:35 INFO  [main] org.springframework.orm.jpa.LocalContainerEntityManagerFactoryBean - Initialized JPA EntityManagerFactory for persistence unit 'default'
2025-02-04 11:53:35 INFO  [main] org.springframework.data.jpa.repository.query.QueryEnhancerFactory - Hibernate is in classpath; If applicable, HQL parser will be used.
2025-02-04 11:53:38 WARN  [main] org.springframework.boot.autoconfigure.orm.jpa.JpaBaseConfiguration$JpaWebConfiguration - spring.jpa.open-in-view is enabled by default. Therefore, database queries may be performed during view rendering. Explicitly configure spring.jpa.open-in-view to disable this warning
2025-02-04 11:53:38 INFO  [main] org.springframework.validation.beanvalidation.OptionalValidatorFactoryBean - Failed to set up a Bean Validation provider: jakarta.validation.NoProviderFoundException: Unable to create a Configuration, because no Jakarta Bean Validation provider could be found. Add a provider like Hibernate Validator (RI) to your classpath.
2025-02-04 11:53:39 INFO  [main] org.springframework.boot.test.mock.web.SpringBootMockServletContext - Initializing Spring TestDispatcherServlet ''
2025-02-04 11:53:39 INFO  [main] org.springframework.test.web.servlet.TestDispatcherServlet - Initializing Servlet ''
2025-02-04 11:53:39 INFO  [main] org.springframework.test.web.servlet.TestDispatcherServlet - Completed initialization in 1 ms
2025-02-04 11:53:39 INFO  [main] com.quick_park_assist.controllerTest.ReservationControllerTest - Started ReservationControllerTest in 10.914 seconds (process running for 17.267)
]]></system-out>
  </testcase>
  <testcase name="testAddReservation_NoEVRegistered" classname="com.quick_park_assist.controllerTest.ReservationControllerTest" time="0.324">
    <system-out><![CDATA[Hibernate: 
    select
        case 
            when count(v1_0.id)>0 
                then 1 
            else 0 
    end 
from
    vehicles v1_0 
where
    v1_0.user_id=? 
    and v1_0.ev=1
]]></system-out>
  </testcase>
  <testcase name="testUpdateSpotDetails_InvalidDateFormat" classname="com.quick_park_assist.controllerTest.ReservationControllerTest" time="0.008"/>
  <testcase name="testEditReservation_UnauthenticatedUser" classname="com.quick_park_assist.controllerTest.ReservationControllerTest" time="0.009"/>
  <testcase name="testAddReservationFormUserNotLoggedIn" classname="com.quick_park_assist.controllerTest.ReservationControllerTest" time="0.005"/>
  <testcase name="testDeleteReservation_NoUserInSession_ShouldRedirectToLogin" classname="com.quick_park_assist.controllerTest.ReservationControllerTest" time="0.005"/>
  <testcase name="testUnauthorizedUpdateAttempt" classname="com.quick_park_assist.controllerTest.ReservationControllerTest" time="0.03">
    <failure message="Flash attribute &apos;errorMessage&apos; expected:&lt;The Vehicle is not an EV&gt; but was:&lt;Invalid date format. Please use the correct format.&gt;" type="java.lang.AssertionError"><![CDATA[java.lang.AssertionError: Flash attribute 'errorMessage' expected:<The Vehicle is not an EV> but was:<Invalid date format. Please use the correct format.>
	at org.springframework.test.util.AssertionErrors.fail(AssertionErrors.java:61)
	at org.springframework.test.util.AssertionErrors.assertEquals(AssertionErrors.java:128)
	at org.springframework.test.web.servlet.result.FlashAttributeResultMatchers.lambda$attribute$1(FlashAttributeResultMatchers.java:59)
	at org.springframework.test.web.servlet.MockMvc$1.andExpect(MockMvc.java:214)
	at com.quick_park_assist.controllerTest.ReservationControllerTest.testUnauthorizedUpdateAttempt(ReservationControllerTest.java:483)
	at java.base/java.lang.reflect.Method.invoke(Method.java:568)
	at java.base/java.util.ArrayList.forEach(ArrayList.java:1511)
	at java.base/java.util.ArrayList.forEach(ArrayList.java:1511)
]]></failure>
    <system-out><![CDATA[
MockHttpServletRequest:
      HTTP Method = POST
      Request URI = /ev-charging/update-reservation
       Parameters = {id=[1], startTime=[2025-02-01T12:00], vehicleNumber=[EV123]}
          Headers = []
             Body = null
    Session Attrs = {org.springframework.web.servlet.support.SessionFlashMapManager.FLASH_MAPS=[FlashMap [attributes={errorMessage=Invalid date format. Please use the correct format.}, targetRequestPath=/ev-charging/edit, targetRequestParams={}]], userId=1}

Handler:
             Type = com.quick_park_assist.controller.ReservationController
           Method = com.quick_park_assist.controller.ReservationController#updateSpotDetails(Long, String, String, RedirectAttributes, HttpSession, Model)

Async:
    Async started = false
     Async result = null

Resolved Exception:
             Type = null

ModelAndView:
        View name = redirect:/ev-charging/edit
             View = null
            Model = null

FlashMap:
        Attribute = errorMessage
            value = Invalid date format. Please use the correct format.

MockHttpServletResponse:
           Status = 302
    Error message = null
          Headers = [Content-Language:"en", Location:"/ev-charging/edit"]
     Content type = null
             Body = 
    Forwarded URL = null
   Redirected URL = /ev-charging/edit
          Cookies = []
]]></system-out>
  </testcase>
  <testcase name="testShowDeleteForm_UserInSession_ShouldReturnCancelReservationView" classname="com.quick_park_assist.controllerTest.ReservationControllerTest" time="0.011"/>
  <testcase name="testListReservations_WhenUserNotLoggedIn_ShouldRedirectToLogin" classname="com.quick_park_assist.controllerTest.ReservationControllerTest" time="0.005"/>
  <testcase name="testDeleteReservation_NotSuccessfulCancellation" classname="com.quick_park_assist.controllerTest.ReservationControllerTest" time="0.05">
    <system-out><![CDATA[Hibernate: 
    select
        r1_0.id,
        r1_0.slot,
        r1_0.charging_station,
        r1_0.name,
        r1_0.reservation_time,
        r1_0.spot_id,
        r1_0.status,
        r1_0.user_id,
        u1_0.id,
        u1_0.active,
        u1_0.address,
        u1_0.created_at,
        u1_0.email,
        u1_0.full_name,
        u1_0.password,
        u1_0.phone_number,
        u1_0.user_type,
        r1_0.vehicle_number 
    from
        reservations r1_0 
    join
        users u1_0 
            on u1_0.id=r1_0.user_id 
    where
        r1_0.id=?
]]></system-out>
  </testcase>
  <testcase name="testListReservations_NotLoggedIn" classname="com.quick_park_assist.controllerTest.ReservationControllerTest" time="0.009"/>
  <testcase name="testListReservations_WithEmptyReservationList" classname="com.quick_park_assist.controllerTest.ReservationControllerTest" time="0.007"/>
  <testcase name="testAddReservationForm_ValidUserWithEV" classname="com.quick_park_assist.controllerTest.ReservationControllerTest" time="0.005"/>
  <testcase name="testDeleteReservation_LargeId" classname="com.quick_park_assist.controllerTest.ReservationControllerTest" time="0.013">
    <system-out><![CDATA[Hibernate: 
    select
        r1_0.id,
        r1_0.slot,
        r1_0.charging_station,
        r1_0.name,
        r1_0.reservation_time,
        r1_0.spot_id,
        r1_0.status,
        r1_0.user_id,
        u1_0.id,
        u1_0.active,
        u1_0.address,
        u1_0.created_at,
        u1_0.email,
        u1_0.full_name,
        u1_0.password,
        u1_0.phone_number,
        u1_0.user_type,
        r1_0.vehicle_number 
    from
        reservations r1_0 
    join
        users u1_0 
            on u1_0.id=r1_0.user_id 
    where
        r1_0.id=?
]]></system-out>
  </testcase>
  <testcase name="testAddReservationForm_WhenUserHasNoEV_ShouldRedirectToAddVehicle" classname="com.quick_park_assist.controllerTest.ReservationControllerTest" time="0.006"/>
  <testcase name="testUpdateSpotDetails_ValidUpdate" classname="com.quick_park_assist.controllerTest.ReservationControllerTest" time="0.007"/>
  <testcase name="testListReservations_ValidUser" classname="com.quick_park_assist.controllerTest.ReservationControllerTest" time="0.006"/>
  <testcase name="testAddReservationWithNullVehicleId" classname="com.quick_park_assist.controllerTest.ReservationControllerTest" time="0.005"/>
  <testcase name="testReservationCancellation_Failure_DueToInvalidId" classname="com.quick_park_assist.controllerTest.ReservationControllerTest" time="0.005"/>
  <testcase name="testUpdateReservation_InvalidDate1" classname="com.quick_park_assist.controllerTest.ReservationControllerTest" time="0.005"/>
  <testcase name="testEditFormUserLoggedIn" classname="com.quick_park_assist.controllerTest.ReservationControllerTest" time="0.006"/>
  <testcase name="testListReservations_WhenSessionIsNull_ShouldRedirectToLogin" classname="com.quick_park_assist.controllerTest.ReservationControllerTest" time="0.005"/>
  <testcase name="testShowDeleteReservationForm_UnauthenticatedUser" classname="com.quick_park_assist.controllerTest.ReservationControllerTest" time="0.007"/>
  <testcase name="testDeleteReservation_SuccessfulDeletion_ShouldRedirectWithSuccessMessage" classname="com.quick_park_assist.controllerTest.ReservationControllerTest" time="0.004"/>
  <testcase name="testListReservations_NoReservations" classname="com.quick_park_assist.controllerTest.ReservationControllerTest" time="0.004"/>
  <testcase name="testListReservations_UserInSession_ShouldReturnViewReservations" classname="com.quick_park_assist.controllerTest.ReservationControllerTest" time="0.006"/>
  <testcase name="testReservationTimeExactlyAtPresent" classname="com.quick_park_assist.controllerTest.ReservationControllerTest" time="0.016"/>
  <testcase name="testRedirectWhenUserNotLoggedIn" classname="com.quick_park_assist.controllerTest.ReservationControllerTest" time="0.006"/>
  <testcase name="testAddReservationForm_NoEVVehicles" classname="com.quick_park_assist.controllerTest.ReservationControllerTest" time="0.004"/>
  <testcase name="testReservationWithNullFields" classname="com.quick_park_assist.controllerTest.ReservationControllerTest" time="0.006"/>
  <testcase name="testAddReservation_InvalidDate_ShouldRedirectToAddReservationWithError" classname="com.quick_park_assist.controllerTest.ReservationControllerTest" time="0.004"/>
  <testcase name="testAddReservationForm_WhenEVSpotsAreAvailable_ShouldReturnAddReservationView" classname="com.quick_park_assist.controllerTest.ReservationControllerTest" time="0.006"/>
  <testcase name="testAddReservationFormWhenUserLoggedInAndHasEV" classname="com.quick_park_assist.controllerTest.ReservationControllerTest" time="0.005">
    <system-out><![CDATA[2025-02-04 11:53:40 INFO  [main] com.quick_park_assist.controller.ReservationController - No EV parking spots available.
]]></system-out>
  </testcase>
  <testcase name="testEditReservation_InvalidDateFormat" classname="com.quick_park_assist.controllerTest.ReservationControllerTest" time="0.011"/>
  <testcase name="testAddReservationFormWhenUserNotLoggedIn" classname="com.quick_park_assist.controllerTest.ReservationControllerTest" time="0.005"/>
  <testcase name="testAddReservationForm_WhenSessionIsNull_ShouldRedirectToLogin" classname="com.quick_park_assist.controllerTest.ReservationControllerTest" time="0.005"/>
  <testcase name="testListReservations_InvalidUser" classname="com.quick_park_assist.controllerTest.ReservationControllerTest" time="0.004"/>
  <testcase name="testAddReservation_UserNotLoggedIn" classname="com.quick_park_assist.controllerTest.ReservationControllerTest" time="0.005"/>
  <testcase name="testDeleteReservation_ReservationIdNotFound" classname="com.quick_park_assist.controllerTest.ReservationControllerTest" time="0.005"/>
  <testcase name="testAddReservationForm_UserNotLoggedIn" classname="com.quick_park_assist.controllerTest.ReservationControllerTest" time="0.004"/>
  <testcase name="testDeleteReservation_UnauthorizedUser" classname="com.quick_park_assist.controllerTest.ReservationControllerTest" time="0.012">
    <system-out><![CDATA[Hibernate: 
    select
        r1_0.id,
        r1_0.slot,
        r1_0.charging_station,
        r1_0.name,
        r1_0.reservation_time,
        r1_0.spot_id,
        r1_0.status,
        r1_0.user_id,
        u1_0.id,
        u1_0.active,
        u1_0.address,
        u1_0.created_at,
        u1_0.email,
        u1_0.full_name,
        u1_0.password,
        u1_0.phone_number,
        u1_0.user_type,
        r1_0.vehicle_number 
    from
        reservations r1_0 
    join
        users u1_0 
            on u1_0.id=r1_0.user_id 
    where
        r1_0.id=?
]]></system-out>
  </testcase>
  <testcase name="testAddReservationForm_NoUserInSession_ShouldRedirectToLogin" classname="com.quick_park_assist.controllerTest.ReservationControllerTest" time="0.007"/>
  <testcase name="testDeleteReservation_WhenSessionIsNull_ShouldRedirectToLogin" classname="com.quick_park_assist.controllerTest.ReservationControllerTest" time="0.005"/>
  <testcase name="testListReservations_UserNotLoggedIn2" classname="com.quick_park_assist.controllerTest.ReservationControllerTest" time="0.003"/>
  <testcase name="testListReservations_WithMultipleReservations" classname="com.quick_park_assist.controllerTest.ReservationControllerTest" time="0.006"/>
  <testcase name="testDeleteReservationWhenUserNotLoggedIn" classname="com.quick_park_assist.controllerTest.ReservationControllerTest" time="0.005"/>
  <testcase name="testListReservations_InvalidSession" classname="com.quick_park_assist.controllerTest.ReservationControllerTest" time="0.007"/>
  <testcase name="testUpdateSpotDetails_WhenInvalidDateFormat_ShouldRedirectWithErrorMessage" classname="com.quick_park_assist.controllerTest.ReservationControllerTest" time="0.004"/>
  <testcase name="testListReservations_EmptyReservationList" classname="com.quick_park_assist.controllerTest.ReservationControllerTest" time="0.004"/>
  <testcase name="testInvalidSessionHandlingForDeleteForm" classname="com.quick_park_assist.controllerTest.ReservationControllerTest" time="0.004"/>
  <testcase name="testAddReservationForm_UserHasNoEV_ShouldRedirectToAddVehicle" classname="com.quick_park_assist.controllerTest.ReservationControllerTest" time="0.003"/>
  <testcase name="testAddReservation_InvalidInput" classname="com.quick_park_assist.controllerTest.ReservationControllerTest" time="0.004"/>
  <testcase name="testCancelReservation_InvalidReservationId" classname="com.quick_park_assist.controllerTest.ReservationControllerTest" time="0.004"/>
  <testcase name="testListReservations_MultipleUsers" classname="com.quick_park_assist.controllerTest.ReservationControllerTest" time="0.527">
    <system-out><![CDATA[Hibernate: 
    select
        r1_0.id,
        r1_0.slot,
        r1_0.charging_station,
        r1_0.name,
        r1_0.reservation_time,
        r1_0.spot_id,
        r1_0.status,
        r1_0.user_id,
        r1_0.vehicle_number 
    from
        reservations r1_0 
    left join
        users u1_0 
            on u1_0.id=r1_0.user_id 
    where
        u1_0.id=?
2025-02-04 11:53:40 DEBUG [main] org.thymeleaf.TemplateEngine - [THYMELEAF] INITIALIZING TEMPLATE ENGINE
2025-02-04 11:53:40 DEBUG [main] org.thymeleaf.TemplateEngine.CONFIG - Initializing Thymeleaf Template engine configuration...
[THYMELEAF] TEMPLATE ENGINE CONFIGURATION:
[THYMELEAF] * Thymeleaf version: 3.1.3.RELEASE (built 2024-12-08T21:30:43+0000)
[THYMELEAF] * Cache Manager implementation: org.thymeleaf.cache.StandardCacheManager
[THYMELEAF] * Template resolvers:
[THYMELEAF]     * org.thymeleaf.spring6.templateresolver.SpringResourceTemplateResolver
[THYMELEAF] * Message resolvers:
[THYMELEAF]     * org.thymeleaf.spring6.messageresolver.SpringMessageResolver
[THYMELEAF] * Link builders:
[THYMELEAF]     * org.thymeleaf.linkbuilder.StandardLinkBuilder
[THYMELEAF] * Dialect: SpringStandard (org.thymeleaf.spring6.dialect.SpringStandardDialect)
[THYMELEAF]     * Prefix: "th"
[THYMELEAF]     * Processors for Template Mode: HTML
[THYMELEAF]         * Element Tag Processors by [matching element and attribute name] [precedence]:
[THYMELEAF]             * [* {th:include,data-th-include}] [100]: org.thymeleaf.standard.processor.StandardIncludeTagProcessor
[THYMELEAF]             * [* {th:insert,data-th-insert}] [100]: org.thymeleaf.standard.processor.StandardInsertTagProcessor
[THYMELEAF]             * [* {th:replace,data-th-replace}] [100]: org.thymeleaf.standard.processor.StandardReplaceTagProcessor
[THYMELEAF]             * [* {th:each,data-th-each}] [200]: org.thymeleaf.standard.processor.StandardEachTagProcessor
[THYMELEAF]             * [* {th:switch,data-th-switch}] [250]: org.thymeleaf.standard.processor.StandardSwitchTagProcessor
[THYMELEAF]             * [* {th:case,data-th-case}] [275]: org.thymeleaf.standard.processor.StandardCaseTagProcessor
[THYMELEAF]             * [* {th:if,data-th-if}] [300]: org.thymeleaf.standard.processor.StandardIfTagProcessor
[THYMELEAF]             * [* {th:unless,data-th-unless}] [400]: org.thymeleaf.standard.processor.StandardUnlessTagProcessor
[THYMELEAF]             * [* {th:object,data-th-object}] [500]: org.thymeleaf.spring6.processor.SpringObjectTagProcessor
[THYMELEAF]             * [* {th:with,data-th-with}] [600]: org.thymeleaf.standard.processor.StandardWithTagProcessor
[THYMELEAF]             * [* {th:attr,data-th-attr}] [700]: org.thymeleaf.standard.processor.StandardAttrTagProcessor
[THYMELEAF]             * [* {th:attrprepend,data-th-attrprepend}] [800]: org.thymeleaf.standard.processor.StandardAttrprependTagProcessor
[THYMELEAF]             * [* {th:attrappend,data-th-attrappend}] [900]: org.thymeleaf.standard.processor.StandardAttrappendTagProcessor
[THYMELEAF]             * [* {th:method,data-th-method}] [990]: org.thymeleaf.spring6.processor.SpringMethodTagProcessor
[THYMELEAF]             * [* {th:alt-title,data-th-alt-title}] [990]: org.thymeleaf.standard.processor.StandardAltTitleTagProcessor
[THYMELEAF]             * [* {th:lang-xmllang,data-th-lang-xmllang}] [990]: org.thymeleaf.standard.processor.StandardLangXmlLangTagProcessor
[THYMELEAF]             * [* {th:action,data-th-action}] [1000]: org.thymeleaf.spring6.processor.SpringActionTagProcessor
[THYMELEAF]             * [* {th:href,data-th-href}] [1000]: org.thymeleaf.spring6.processor.SpringHrefTagProcessor
[THYMELEAF]             * [* {th:src,data-th-src}] [1000]: org.thymeleaf.spring6.processor.SpringSrcTagProcessor
[THYMELEAF]             * [* {th:ismap,data-th-ismap}] [1000]: org.thymeleaf.standard.processor.StandardConditionalFixedValueTagProcessor
[THYMELEAF]             * [* {th:multiple,data-th-multiple}] [1000]: org.thymeleaf.standard.processor.StandardConditionalFixedValueTagProcessor
[THYMELEAF]             * [* {th:declare,data-th-declare}] [1000]: org.thymeleaf.standard.processor.StandardConditionalFixedValueTagProcessor
[THYMELEAF]             * [* {th:open,data-th-open}] [1000]: org.thymeleaf.standard.processor.StandardConditionalFixedValueTagProcessor
[THYMELEAF]             * [* {th:novalidate,data-th-novalidate}] [1000]: org.thymeleaf.standard.processor.StandardConditionalFixedValueTagProcessor
[THYMELEAF]             * [* {th:loop,data-th-loop}] [1000]: org.thymeleaf.standard.processor.StandardConditionalFixedValueTagProcessor
[THYMELEAF]             * [* {th:required,data-th-required}] [1000]: org.thymeleaf.standard.processor.StandardConditionalFixedValueTagProcessor
[THYMELEAF]             * [* {th:checked,data-th-checked}] [1000]: org.thymeleaf.standard.processor.StandardConditionalFixedValueTagProcessor
[THYMELEAF]             * [* {th:scoped,data-th-scoped}] [1000]: org.thymeleaf.standard.processor.StandardConditionalFixedValueTagProcessor
[THYMELEAF]             * [* {th:pubdate,data-th-pubdate}] [1000]: org.thymeleaf.standard.processor.StandardConditionalFixedValueTagProcessor
[THYMELEAF]             * [* {th:autoplay,data-th-autoplay}] [1000]: org.thymeleaf.standard.processor.StandardConditionalFixedValueTagProcessor
[THYMELEAF]             * [* {th:reversed,data-th-reversed}] [1000]: org.thymeleaf.standard.processor.StandardConditionalFixedValueTagProcessor
[THYMELEAF]             * [* {th:defer,data-th-defer}] [1000]: org.thymeleaf.standard.processor.StandardConditionalFixedValueTagProcessor
[THYMELEAF]             * [* {th:selected,data-th-selected}] [1000]: org.thymeleaf.standard.processor.StandardConditionalFixedValueTagProcessor
[THYMELEAF]             * [* {th:controls,data-th-controls}] [1000]: org.thymeleaf.standard.processor.StandardConditionalFixedValueTagProcessor
[THYMELEAF]             * [* {th:readonly,data-th-readonly}] [1000]: org.thymeleaf.standard.processor.StandardConditionalFixedValueTagProcessor
[THYMELEAF]             * [* {th:disabled,data-th-disabled}] [1000]: org.thymeleaf.standard.processor.StandardConditionalFixedValueTagProcessor
[THYMELEAF]             * [* {th:seamless,data-th-seamless}] [1000]: org.thymeleaf.standard.processor.StandardConditionalFixedValueTagProcessor
[THYMELEAF]             * [* {th:async,data-th-async}] [1000]: org.thymeleaf.standard.processor.StandardConditionalFixedValueTagProcessor
[THYMELEAF]             * [* {th:default,data-th-default}] [1000]: org.thymeleaf.standard.processor.StandardConditionalFixedValueTagProcessor
[THYMELEAF]             * [* {th:hidden,data-th-hidden}] [1000]: org.thymeleaf.standard.processor.StandardConditionalFixedValueTagProcessor
[THYMELEAF]             * [* {th:nowrap,data-th-nowrap}] [1000]: org.thymeleaf.standard.processor.StandardConditionalFixedValueTagProcessor
[THYMELEAF]             * [* {th:formnovalidate,data-th-formnovalidate}] [1000]: org.thymeleaf.standard.processor.StandardConditionalFixedValueTagProcessor
[THYMELEAF]             * [* {th:autofocus,data-th-autofocus}] [1000]: org.thymeleaf.standard.processor.StandardConditionalFixedValueTagProcessor
[THYMELEAF]             * [* {th:onunload,data-th-onunload}] [1000]: org.thymeleaf.standard.processor.StandardDOMEventAttributeTagProcessor
[THYMELEAF]             * [* {th:onbeforeunload,data-th-onbeforeunload}] [1000]: org.thymeleaf.standard.processor.StandardDOMEventAttributeTagProcessor
[THYMELEAF]             * [* {th:ondragstart,data-th-ondragstart}] [1000]: org.thymeleaf.standard.processor.StandardDOMEventAttributeTagProcessor
[THYMELEAF]             * [* {th:onformchange,data-th-onformchange}] [1000]: org.thymeleaf.standard.processor.StandardDOMEventAttributeTagProcessor
[THYMELEAF]             * [* {th:onratechange,data-th-onratechange}] [1000]: org.thymeleaf.standard.processor.StandardDOMEventAttributeTagProcessor
[THYMELEAF]             * [* {th:onscroll,data-th-onscroll}] [1000]: org.thymeleaf.standard.processor.StandardDOMEventAttributeTagProcessor
[THYMELEAF]             * [* {th:onload,data-th-onload}] [1000]: org.thymeleaf.standard.processor.StandardDOMEventAttributeTagProcessor
[THYMELEAF]             * [* {th:onerror,data-th-onerror}] [1000]: org.thymeleaf.standard.processor.StandardDOMEventAttributeTagProcessor
[THYMELEAF]             * [* {th:onkeydown,data-th-onkeydown}] [1000]: org.thymeleaf.standard.processor.StandardDOMEventAttributeTagProcessor
[THYMELEAF]             * [* {th:onmousewheel,data-th-onmousewheel}] [1000]: org.thymeleaf.standard.processor.StandardDOMEventAttributeTagProcessor
[THYMELEAF]             * [* {th:onresize,data-th-onresize}] [1000]: org.thymeleaf.standard.processor.StandardDOMEventAttributeTagProcessor
[THYMELEAF]             * [* {th:ondragleave,data-th-ondragleave}] [1000]: org.thymeleaf.standard.processor.StandardDOMEventAttributeTagProcessor
[THYMELEAF]             * [* {th:oninvalid,data-th-oninvalid}] [1000]: org.thymeleaf.standard.processor.StandardDOMEventAttributeTagProcessor
[THYMELEAF]             * [* {th:onclick,data-th-onclick}] [1000]: org.thymeleaf.standard.processor.StandardDOMEventAttributeTagProcessor
[THYMELEAF]             * [* {th:ontimeupdate,data-th-ontimeupdate}] [1000]: org.thymeleaf.standard.processor.StandardDOMEventAttributeTagProcessor
[THYMELEAF]             * [* {th:onafterprint,data-th-onafterprint}] [1000]: org.thymeleaf.standard.processor.StandardDOMEventAttributeTagProcessor
[THYMELEAF]             * [* {th:oncanplaythrough,data-th-oncanplaythrough}] [1000]: org.thymeleaf.standard.processor.StandardDOMEventAttributeTagProcessor
[THYMELEAF]             * [* {th:ondrop,data-th-ondrop}] [1000]: org.thymeleaf.standard.processor.StandardDOMEventAttributeTagProcessor
[THYMELEAF]             * [* {th:onloadstart,data-th-onloadstart}] [1000]: org.thymeleaf.standard.processor.StandardDOMEventAttributeTagProcessor
[THYMELEAF]             * [* {th:onmouseover,data-th-onmouseover}] [1000]: org.thymeleaf.standard.processor.StandardDOMEventAttributeTagProcessor
[THYMELEAF]             * [* {th:onmousedown,data-th-onmousedown}] [1000]: org.thymeleaf.standard.processor.StandardDOMEventAttributeTagProcessor
[THYMELEAF]             * [* {th:onchange,data-th-onchange}] [1000]: org.thymeleaf.standard.processor.StandardDOMEventAttributeTagProcessor
[THYMELEAF]             * [* {th:onloadeddata,data-th-onloadeddata}] [1000]: org.thymeleaf.standard.processor.StandardDOMEventAttributeTagProcessor
[THYMELEAF]             * [* {th:onselect,data-th-onselect}] [1000]: org.thymeleaf.standard.processor.StandardDOMEventAttributeTagProcessor
[THYMELEAF]             * [* {th:onblur,data-th-onblur}] [1000]: org.thymeleaf.standard.processor.StandardDOMEventAttributeTagProcessor
[THYMELEAF]             * [* {th:onmessage,data-th-onmessage}] [1000]: org.thymeleaf.standard.processor.StandardDOMEventAttributeTagProcessor
[THYMELEAF]             * [* {th:onreset,data-th-onreset}] [1000]: org.thymeleaf.standard.processor.StandardDOMEventAttributeTagProcessor
[THYMELEAF]             * [* {th:onhashchange,data-th-onhashchange}] [1000]: org.thymeleaf.standard.processor.StandardDOMEventAttributeTagProcessor
[THYMELEAF]             * [* {th:onstorage,data-th-onstorage}] [1000]: org.thymeleaf.standard.processor.StandardDOMEventAttributeTagProcessor
[THYMELEAF]             * [* {th:oninput,data-th-oninput}] [1000]: org.thymeleaf.standard.processor.StandardDOMEventAttributeTagProcessor
[THYMELEAF]             * [* {th:onplay,data-th-onplay}] [1000]: org.thymeleaf.standard.processor.StandardDOMEventAttributeTagProcessor
[THYMELEAF]             * [* {th:onredo,data-th-onredo}] [1000]: org.thymeleaf.standard.processor.StandardDOMEventAttributeTagProcessor
[THYMELEAF]             * [* {th:onforminput,data-th-onforminput}] [1000]: org.thymeleaf.standard.processor.StandardDOMEventAttributeTagProcessor
[THYMELEAF]             * [* {th:onstalled,data-th-onstalled}] [1000]: org.thymeleaf.standard.processor.StandardDOMEventAttributeTagProcessor
[THYMELEAF]             * [* {th:onended,data-th-onended}] [1000]: org.thymeleaf.standard.processor.StandardDOMEventAttributeTagProcessor
[THYMELEAF]             * [* {th:onplaying,data-th-onplaying}] [1000]: org.thymeleaf.standard.processor.StandardDOMEventAttributeTagProcessor
[THYMELEAF]             * [* {th:onmouseout,data-th-onmouseout}] [1000]: org.thymeleaf.standard.processor.StandardDOMEventAttributeTagProcessor
[THYMELEAF]             * [* {th:onoffline,data-th-onoffline}] [1000]: org.thymeleaf.standard.processor.StandardDOMEventAttributeTagProcessor
[THYMELEAF]             * [* {th:onprogress,data-th-onprogress}] [1000]: org.thymeleaf.standard.processor.StandardDOMEventAttributeTagProcessor
[THYMELEAF]             * [* {th:onreadystatechange,data-th-onreadystatechange}] [1000]: org.thymeleaf.standard.processor.StandardDOMEventAttributeTagProcessor
[THYMELEAF]             * [* {th:onemptied,data-th-onemptied}] [1000]: org.thymeleaf.standard.processor.StandardDOMEventAttributeTagProcessor
[THYMELEAF]             * [* {th:onkeyup,data-th-onkeyup}] [1000]: org.thymeleaf.standard.processor.StandardDOMEventAttributeTagProcessor
[THYMELEAF]             * [* {th:ondragenter,data-th-ondragenter}] [1000]: org.thymeleaf.standard.processor.StandardDOMEventAttributeTagProcessor
[THYMELEAF]             * [* {th:onundo,data-th-onundo}] [1000]: org.thymeleaf.standard.processor.StandardDOMEventAttributeTagProcessor
[THYMELEAF]             * [* {th:ondragover,data-th-ondragover}] [1000]: org.thymeleaf.standard.processor.StandardDOMEventAttributeTagProcessor
[THYMELEAF]             * [* {th:onwaiting,data-th-onwaiting}] [1000]: org.thymeleaf.standard.processor.StandardDOMEventAttributeTagProcessor
[THYMELEAF]             * [* {th:oncontextmenu,data-th-oncontextmenu}] [1000]: org.thymeleaf.standard.processor.StandardDOMEventAttributeTagProcessor
[THYMELEAF]             * [* {th:ononline,data-th-ononline}] [1000]: org.thymeleaf.standard.processor.StandardDOMEventAttributeTagProcessor
[THYMELEAF]             * [* {th:onseeked,data-th-onseeked}] [1000]: org.thymeleaf.standard.processor.StandardDOMEventAttributeTagProcessor
[THYMELEAF]             * [* {th:ondblclick,data-th-ondblclick}] [1000]: org.thymeleaf.standard.processor.StandardDOMEventAttributeTagProcessor
[THYMELEAF]             * [* {th:ondragend,data-th-ondragend}] [1000]: org.thymeleaf.standard.processor.StandardDOMEventAttributeTagProcessor
[THYMELEAF]             * [* {th:onloadedmetadata,data-th-onloadedmetadata}] [1000]: org.thymeleaf.standard.processor.StandardDOMEventAttributeTagProcessor
[THYMELEAF]             * [* {th:ondurationchange,data-th-ondurationchange}] [1000]: org.thymeleaf.standard.processor.StandardDOMEventAttributeTagProcessor
[THYMELEAF]             * [* {th:onmousemove,data-th-onmousemove}] [1000]: org.thymeleaf.standard.processor.StandardDOMEventAttributeTagProcessor
[THYMELEAF]             * [* {th:ondrag,data-th-ondrag}] [1000]: org.thymeleaf.standard.processor.StandardDOMEventAttributeTagProcessor
[THYMELEAF]             * [* {th:onpopstate,data-th-onpopstate}] [1000]: org.thymeleaf.standard.processor.StandardDOMEventAttributeTagProcessor
[THYMELEAF]             * [* {th:onabort,data-th-onabort}] [1000]: org.thymeleaf.standard.processor.StandardDOMEventAttributeTagProcessor
[THYMELEAF]             * [* {th:oncanplay,data-th-oncanplay}] [1000]: org.thymeleaf.standard.processor.StandardDOMEventAttributeTagProcessor
[THYMELEAF]             * [* {th:onvolumechange,data-th-onvolumechange}] [1000]: org.thymeleaf.standard.processor.StandardDOMEventAttributeTagProcessor
[THYMELEAF]             * [* {th:onsuspend,data-th-onsuspend}] [1000]: org.thymeleaf.standard.processor.StandardDOMEventAttributeTagProcessor
[THYMELEAF]             * [* {th:onsubmit,data-th-onsubmit}] [1000]: org.thymeleaf.standard.processor.StandardDOMEventAttributeTagProcessor
[THYMELEAF]             * [* {th:onpause,data-th-onpause}] [1000]: org.thymeleaf.standard.processor.StandardDOMEventAttributeTagProcessor
[THYMELEAF]             * [* {th:onshow,data-th-onshow}] [1000]: org.thymeleaf.standard.processor.StandardDOMEventAttributeTagProcessor
[THYMELEAF]             * [* {th:onkeypress,data-th-onkeypress}] [1000]: org.thymeleaf.standard.processor.StandardDOMEventAttributeTagProcessor
[THYMELEAF]             * [* {th:onseeking,data-th-onseeking}] [1000]: org.thymeleaf.standard.processor.StandardDOMEventAttributeTagProcessor
[THYMELEAF]             * [* {th:onbeforeprint,data-th-onbeforeprint}] [1000]: org.thymeleaf.standard.processor.StandardDOMEventAttributeTagProcessor
[THYMELEAF]             * [* {th:onfocus,data-th-onfocus}] [1000]: org.thymeleaf.standard.processor.StandardDOMEventAttributeTagProcessor
[THYMELEAF]             * [* {th:onmouseup,data-th-onmouseup}] [1000]: org.thymeleaf.standard.processor.StandardDOMEventAttributeTagProcessor
[THYMELEAF]             * [* {th:inline,data-th-inline}] [1000]: org.thymeleaf.standard.processor.StandardInlineHTMLTagProcessor
[THYMELEAF]             * [* {th:name,data-th-name}] [1000]: org.thymeleaf.standard.processor.StandardNonRemovableAttributeTagProcessor
[THYMELEAF]             * [* {th:type,data-th-type}] [1000]: org.thymeleaf.standard.processor.StandardNonRemovableAttributeTagProcessor
[THYMELEAF]             * [* {th:cellspacing,data-th-cellspacing}] [1000]: org.thymeleaf.standard.processor.StandardRemovableAttributeTagProcessor
[THYMELEAF]             * [* {th:scope,data-th-scope}] [1000]: org.thymeleaf.standard.processor.StandardRemovableAttributeTagProcessor
[THYMELEAF]             * [* {th:rowspan,data-th-rowspan}] [1000]: org.thymeleaf.standard.processor.StandardRemovableAttributeTagProcessor
[THYMELEAF]             * [* {th:codetype,data-th-codetype}] [1000]: org.thymeleaf.standard.processor.StandardRemovableAttributeTagProcessor
[THYMELEAF]             * [* {th:class,data-th-class}] [1000]: org.thymeleaf.standard.processor.StandardRemovableAttributeTagProcessor
[THYMELEAF]             * [* {th:formaction,data-th-formaction}] [1000]: org.thymeleaf.standard.processor.StandardRemovableAttributeTagProcessor
[THYMELEAF]             * [* {th:optimum,data-th-optimum}] [1000]: org.thymeleaf.standard.processor.StandardRemovableAttributeTagProcessor
[THYMELEAF]             * [* {th:marginwidth,data-th-marginwidth}] [1000]: org.thymeleaf.standard.processor.StandardRemovableAttributeTagProcessor
[THYMELEAF]             * [* {th:min,data-th-min}] [1000]: org.thymeleaf.standard.processor.StandardRemovableAttributeTagProcessor
[THYMELEAF]             * [* {th:formtarget,data-th-formtarget}] [1000]: org.thymeleaf.standard.processor.StandardRemovableAttributeTagProcessor
[THYMELEAF]             * [* {th:axis,data-th-axis}] [1000]: org.thymeleaf.standard.processor.StandardRemovableAttributeTagProcessor
[THYMELEAF]             * [* {th:autocomplete,data-th-autocomplete}] [1000]: org.thymeleaf.standard.processor.StandardRemovableAttributeTagProcessor
[THYMELEAF]             * [* {th:dropzone,data-th-dropzone}] [1000]: org.thymeleaf.standard.processor.StandardRemovableAttributeTagProcessor
[THYMELEAF]             * [* {th:contextmenu,data-th-contextmenu}] [1000]: org.thymeleaf.standard.processor.StandardRemovableAttributeTagProcessor
[THYMELEAF]             * [* {th:preload,data-th-preload}] [1000]: org.thymeleaf.standard.processor.StandardRemovableAttributeTagProcessor
[THYMELEAF]             * [* {th:accept,data-th-accept}] [1000]: org.thymeleaf.standard.processor.StandardRemovableAttributeTagProcessor
[THYMELEAF]             * [* {th:rules,data-th-rules}] [1000]: org.thymeleaf.standard.processor.StandardRemovableAttributeTagProcessor
[THYMELEAF]             * [* {th:formmethod,data-th-formmethod}] [1000]: org.thymeleaf.standard.processor.StandardRemovableAttributeTagProcessor
[THYMELEAF]             * [* {th:cellpadding,data-th-cellpadding}] [1000]: org.thymeleaf.standard.processor.StandardRemovableAttributeTagProcessor
[THYMELEAF]             * [* {th:rows,data-th-rows}] [1000]: org.thymeleaf.standard.processor.StandardRemovableAttributeTagProcessor
[THYMELEAF]             * [* {th:placeholder,data-th-placeholder}] [1000]: org.thymeleaf.standard.processor.StandardRemovableAttributeTagProcessor
[THYMELEAF]             * [* {th:sizes,data-th-sizes}] [1000]: org.thymeleaf.standard.processor.StandardRemovableAttributeTagProcessor
[THYMELEAF]             * [* {th:summary,data-th-summary}] [1000]: org.thymeleaf.standard.processor.StandardRemovableAttributeTagProcessor
[THYMELEAF]             * [* {th:headers,data-th-headers}] [1000]: org.thymeleaf.standard.processor.StandardRemovableAttributeTagProcessor
[THYMELEAF]             * [* {th:pattern,data-th-pattern}] [1000]: org.thymeleaf.standard.processor.StandardRemovableAttributeTagProcessor
[THYMELEAF]             * [* {th:label,data-th-label}] [1000]: org.thymeleaf.standard.processor.StandardRemovableAttributeTagProcessor
[THYMELEAF]             * [* {th:frame,data-th-frame}] [1000]: org.thymeleaf.standard.processor.StandardRemovableAttributeTagProcessor
[THYMELEAF]             * [* {th:http-equiv,data-th-http-equiv}] [1000]: org.thymeleaf.standard.processor.StandardRemovableAttributeTagProcessor
[THYMELEAF]             * [* {th:datetime,data-th-datetime}] [1000]: org.thymeleaf.standard.processor.StandardRemovableAttributeTagProcessor
[THYMELEAF]             * [* {th:contenteditable,data-th-contenteditable}] [1000]: org.thymeleaf.standard.processor.StandardRemovableAttributeTagProcessor
[THYMELEAF]             * [* {th:span,data-th-span}] [1000]: org.thymeleaf.standard.processor.StandardRemovableAttributeTagProcessor
[THYMELEAF]             * [* {th:scheme,data-th-scheme}] [1000]: org.thymeleaf.standard.processor.StandardRemovableAttributeTagProcessor
[THYMELEAF]             * [* {th:keytype,data-th-keytype}] [1000]: org.thymeleaf.standard.processor.StandardRemovableAttributeTagProcessor
[THYMELEAF]             * [* {th:form,data-th-form}] [1000]: org.thymeleaf.standard.processor.StandardRemovableAttributeTagProcessor
[THYMELEAF]             * [* {th:accept-charset,data-th-accept-charset}] [1000]: org.thymeleaf.standard.processor.StandardRemovableAttributeTagProcessor
[THYMELEAF]             * [* {th:charset,data-th-charset}] [1000]: org.thymeleaf.standard.processor.StandardRemovableAttributeTagProcessor
[THYMELEAF]             * [* {th:title,data-th-title}] [1000]: org.thymeleaf.standard.processor.StandardRemovableAttributeTagProcessor
[THYMELEAF]             * [* {th:wrap,data-th-wrap}] [1000]: org.thymeleaf.standard.processor.StandardRemovableAttributeTagProcessor
[THYMELEAF]             * [* {th:id,data-th-id}] [1000]: org.thymeleaf.standard.processor.StandardRemovableAttributeTagProcessor
[THYMELEAF]             * [* {th:size,data-th-size}] [1000]: org.thymeleaf.standard.processor.StandardRemovableAttributeTagProcessor
[THYMELEAF]             * [* {th:poster,data-th-poster}] [1000]: org.thymeleaf.standard.processor.StandardRemovableAttributeTagProcessor
[THYMELEAF]             * [* {th:accesskey,data-th-accesskey}] [1000]: org.thymeleaf.standard.processor.StandardRemovableAttributeTagProcessor
[THYMELEAF]             * [* {th:draggable,data-th-draggable}] [1000]: org.thymeleaf.standard.processor.StandardRemovableAttributeTagProcessor
[THYMELEAF]             * [* {th:background,data-th-background}] [1000]: org.thymeleaf.standard.processor.StandardRemovableAttributeTagProcessor
[THYMELEAF]             * [* {th:vspace,data-th-vspace}] [1000]: org.thymeleaf.standard.processor.StandardRemovableAttributeTagProcessor
[THYMELEAF]             * [* {th:enctype,data-th-enctype}] [1000]: org.thymeleaf.standard.processor.StandardRemovableAttributeTagProcessor
[THYMELEAF]             * [* {th:usemap,data-th-usemap}] [1000]: org.thymeleaf.standard.processor.StandardRemovableAttributeTagProcessor
[THYMELEAF]             * [* {th:classid,data-th-classid}] [1000]: org.thymeleaf.standard.processor.StandardRemovableAttributeTagProcessor
[THYMELEAF]             * [* {th:align,data-th-align}] [1000]: org.thymeleaf.standard.processor.StandardRemovableAttributeTagProcessor
[THYMELEAF]             * [* {th:bgcolor,data-th-bgcolor}] [1000]: org.thymeleaf.standard.processor.StandardRemovableAttributeTagProcessor
[THYMELEAF]             * [* {th:hspace,data-th-hspace}] [1000]: org.thymeleaf.standard.processor.StandardRemovableAttributeTagProcessor
[THYMELEAF]             * [* {th:content,data-th-content}] [1000]: org.thymeleaf.standard.processor.StandardRemovableAttributeTagProcessor
[THYMELEAF]             * [* {th:high,data-th-high}] [1000]: org.thymeleaf.standard.processor.StandardRemovableAttributeTagProcessor
[THYMELEAF]             * [* {th:formenctype,data-th-formenctype}] [1000]: org.thymeleaf.standard.processor.StandardRemovableAttributeTagProcessor
[THYMELEAF]             * [* {th:rev,data-th-rev}] [1000]: org.thymeleaf.standard.processor.StandardRemovableAttributeTagProcessor
[THYMELEAF]             * [* {th:maxlength,data-th-maxlength}] [1000]: org.thymeleaf.standard.processor.StandardRemovableAttributeTagProcessor
[THYMELEAF]             * [* {th:cite,data-th-cite}] [1000]: org.thymeleaf.standard.processor.StandardRemovableAttributeTagProcessor
[THYMELEAF]             * [* {th:codebase,data-th-codebase}] [1000]: org.thymeleaf.standard.processor.StandardRemovableAttributeTagProcessor
[THYMELEAF]             * [* {th:max,data-th-max}] [1000]: org.thymeleaf.standard.processor.StandardRemovableAttributeTagProcessor
[THYMELEAF]             * [* {th:valuetype,data-th-valuetype}] [1000]: org.thymeleaf.standard.processor.StandardRemovableAttributeTagProcessor
[THYMELEAF]             * [* {th:alt,data-th-alt}] [1000]: org.thymeleaf.standard.processor.StandardRemovableAttributeTagProcessor
[THYMELEAF]             * [* {th:data,data-th-data}] [1000]: org.thymeleaf.standard.processor.StandardRemovableAttributeTagProcessor
[THYMELEAF]             * [* {th:media,data-th-media}] [1000]: org.thymeleaf.standard.processor.StandardRemovableAttributeTagProcessor
[THYMELEAF]             * [* {th:dir,data-th-dir}] [1000]: org.thymeleaf.standard.processor.StandardRemovableAttributeTagProcessor
[THYMELEAF]             * [* {th:longdesc,data-th-longdesc}] [1000]: org.thymeleaf.standard.processor.StandardRemovableAttributeTagProcessor
[THYMELEAF]             * [* {th:list,data-th-list}] [1000]: org.thymeleaf.standard.processor.StandardRemovableAttributeTagProcessor
[THYMELEAF]             * [* {th:hreflang,data-th-hreflang}] [1000]: org.thymeleaf.standard.processor.StandardRemovableAttributeTagProcessor
[THYMELEAF]             * [* {th:radiogroup,data-th-radiogroup}] [1000]: org.thymeleaf.standard.processor.StandardRemovableAttributeTagProcessor
[THYMELEAF]             * [* {th:manifest,data-th-manifest}] [1000]: org.thymeleaf.standard.processor.StandardRemovableAttributeTagProcessor
[THYMELEAF]             * [* {th:srclang,data-th-srclang}] [1000]: org.thymeleaf.standard.processor.StandardRemovableAttributeTagProcessor
[THYMELEAF]             * [* {th:colspan,data-th-colspan}] [1000]: org.thymeleaf.standard.processor.StandardRemovableAttributeTagProcessor
[THYMELEAF]             * [* {th:tabindex,data-th-tabindex}] [1000]: org.thymeleaf.standard.processor.StandardRemovableAttributeTagProcessor
[THYMELEAF]             * [* {th:scrolling,data-th-scrolling}] [1000]: org.thymeleaf.standard.processor.StandardRemovableAttributeTagProcessor
[THYMELEAF]             * [* {th:height,data-th-height}] [1000]: org.thymeleaf.standard.processor.StandardRemovableAttributeTagProcessor
[THYMELEAF]             * [* {th:frameborder,data-th-frameborder}] [1000]: org.thymeleaf.standard.processor.StandardRemovableAttributeTagProcessor
[THYMELEAF]             * [* {th:marginheight,data-th-marginheight}] [1000]: org.thymeleaf.standard.processor.StandardRemovableAttributeTagProcessor
[THYMELEAF]             * [* {th:audio,data-th-audio}] [1000]: org.thymeleaf.standard.processor.StandardRemovableAttributeTagProcessor
[THYMELEAF]             * [* {th:width,data-th-width}] [1000]: org.thymeleaf.standard.processor.StandardRemovableAttributeTagProcessor
[THYMELEAF]             * [* {th:abbr,data-th-abbr}] [1000]: org.thymeleaf.standard.processor.StandardRemovableAttributeTagProcessor
[THYMELEAF]             * [* {th:low,data-th-low}] [1000]: org.thymeleaf.standard.processor.StandardRemovableAttributeTagProcessor
[THYMELEAF]             * [* {th:spellcheck,data-th-spellcheck}] [1000]: org.thymeleaf.standard.processor.StandardRemovableAttributeTagProcessor
[THYMELEAF]             * [* {th:lang,data-th-lang}] [1000]: org.thymeleaf.standard.processor.StandardRemovableAttributeTagProcessor
[THYMELEAF]             * [* {th:sandbox,data-th-sandbox}] [1000]: org.thymeleaf.standard.processor.StandardRemovableAttributeTagProcessor
[THYMELEAF]             * [* {th:archive,data-th-archive}] [1000]: org.thymeleaf.standard.processor.StandardRemovableAttributeTagProcessor
[THYMELEAF]             * [* {th:cols,data-th-cols}] [1000]: org.thymeleaf.standard.processor.StandardRemovableAttributeTagProcessor
[THYMELEAF]             * [* {th:start,data-th-start}] [1000]: org.thymeleaf.standard.processor.StandardRemovableAttributeTagProcessor
[THYMELEAF]             * [* {th:standby,data-th-standby}] [1000]: org.thymeleaf.standard.processor.StandardRemovableAttributeTagProcessor
[THYMELEAF]             * [* {th:border,data-th-border}] [1000]: org.thymeleaf.standard.processor.StandardRemovableAttributeTagProcessor
[THYMELEAF]             * [* {th:challenge,data-th-challenge}] [1000]: org.thymeleaf.standard.processor.StandardRemovableAttributeTagProcessor
[THYMELEAF]             * [* {th:for,data-th-for}] [1000]: org.thymeleaf.standard.processor.StandardRemovableAttributeTagProcessor
[THYMELEAF]             * [* {th:kind,data-th-kind}] [1000]: org.thymeleaf.standard.processor.StandardRemovableAttributeTagProcessor
[THYMELEAF]             * [* {th:style,data-th-style}] [1000]: org.thymeleaf.standard.processor.StandardRemovableAttributeTagProcessor
[THYMELEAF]             * [* {th:rel,data-th-rel}] [1000]: org.thymeleaf.standard.processor.StandardRemovableAttributeTagProcessor
[THYMELEAF]             * [* {th:compact,data-th-compact}] [1000]: org.thymeleaf.standard.processor.StandardRemovableAttributeTagProcessor
[THYMELEAF]             * [* {th:icon,data-th-icon}] [1000]: org.thymeleaf.standard.processor.StandardRemovableAttributeTagProcessor
[THYMELEAF]             * [* {th:step,data-th-step}] [1000]: org.thymeleaf.standard.processor.StandardRemovableAttributeTagProcessor
[THYMELEAF]             * [* {th:target,data-th-target}] [1000]: org.thymeleaf.standard.processor.StandardRemovableAttributeTagProcessor
[THYMELEAF]             * [* {th:xmlbase,data-th-xmlbase}] [1000]: org.thymeleaf.standard.processor.StandardXmlBaseTagProcessor
[THYMELEAF]             * [* {th:xmllang,data-th-xmllang}] [1000]: org.thymeleaf.standard.processor.StandardXmlLangTagProcessor
[THYMELEAF]             * [* {xmlns:th}] [1000]: org.thymeleaf.standard.processor.StandardXmlNsTagProcessor
[THYMELEAF]             * [* {th:xmlspace,data-th-xmlspace}] [1000]: org.thymeleaf.standard.processor.StandardXmlSpaceTagProcessor
[THYMELEAF]             * [{option} *] [1005]: org.thymeleaf.spring6.processor.SpringOptionInSelectFieldTagProcessor
[THYMELEAF]             * [* {th:value,data-th-value}] [1010]: org.thymeleaf.spring6.processor.SpringValueTagProcessor
[THYMELEAF]             * [* {th:classappend,data-th-classappend}] [1100]: org.thymeleaf.standard.processor.StandardClassappendTagProcessor
[THYMELEAF]             * [* {th:styleappend,data-th-styleappend}] [1100]: org.thymeleaf.standard.processor.StandardStyleappendTagProcessor
[THYMELEAF]             * [* {th:text,data-th-text}] [1300]: org.thymeleaf.standard.processor.StandardTextTagProcessor
[THYMELEAF]             * [* {th:utext,data-th-utext}] [1400]: org.thymeleaf.standard.processor.StandardUtextTagProcessor
[THYMELEAF]             * [* {th:fragment,data-th-fragment}] [1500]: org.thymeleaf.standard.processor.StandardFragmentTagProcessor
[THYMELEAF]             * [* {th:assert,data-th-assert}] [1550]: org.thymeleaf.standard.processor.StandardAssertTagProcessor
[THYMELEAF]             * [* {th:remove,data-th-remove}] [1600]: org.thymeleaf.standard.processor.StandardRemoveTagProcessor
[THYMELEAF]             * [* {th:errors,data-th-errors}] [1700]: org.thymeleaf.spring6.processor.SpringErrorsTagProcessor
[THYMELEAF]             * [{input} {th:field,data-th-field}] [1700]: org.thymeleaf.spring6.processor.SpringInputCheckboxFieldTagProcessor
[THYMELEAF]             * [{input} {th:field,data-th-field}] [1700]: org.thymeleaf.spring6.processor.SpringInputFileFieldTagProcessor
[THYMELEAF]             * [{input} {th:field,data-th-field}] [1700]: org.thymeleaf.spring6.processor.SpringInputGeneralFieldTagProcessor
[THYMELEAF]             * [{input} {th:field,data-th-field}] [1700]: org.thymeleaf.spring6.processor.SpringInputPasswordFieldTagProcessor
[THYMELEAF]             * [{input} {th:field,data-th-field}] [1700]: org.thymeleaf.spring6.processor.SpringInputRadioFieldTagProcessor
[THYMELEAF]             * [{option} {th:field,data-th-field}] [1700]: org.thymeleaf.spring6.processor.SpringOptionFieldTagProcessor
[THYMELEAF]             * [{select} {th:field,data-th-field}] [1700]: org.thymeleaf.spring6.processor.SpringSelectFieldTagProcessor
[THYMELEAF]             * [{textarea} {th:field,data-th-field}] [1700]: org.thymeleaf.spring6.processor.SpringTextareaFieldTagProcessor
[THYMELEAF]             * [* {th:uerrors,data-th-uerrors}] [1700]: org.thymeleaf.spring6.processor.SpringUErrorsTagProcessor
[THYMELEAF]             * [* {th:errorclass,data-th-errorclass}] [1800]: org.thymeleaf.spring6.processor.SpringErrorClassTagProcessor
[THYMELEAF]             * [* {th:ref,data-th-ref}] [10000]: org.thymeleaf.standard.processor.StandardRefAttributeTagProcessor
[THYMELEAF]             * [{th:block,th-block} *] [100000]: org.thymeleaf.standard.processor.StandardBlockTagProcessor
[THYMELEAF]             * [* th:*] [2147483647]: org.thymeleaf.standard.processor.StandardDefaultAttributesTagProcessor
[THYMELEAF]         * Text Processors by [precedence]:
[THYMELEAF]             * [1000]: org.thymeleaf.standard.processor.StandardInliningTextProcessor
[THYMELEAF]         * DOCTYPE Processors by [precedence]:
[THYMELEAF]             * [1000]: org.thymeleaf.standard.processor.StandardTranslationDocTypeProcessor
[THYMELEAF]         * CDATA Section Processors by [precedence]:
[THYMELEAF]             * [1000]: org.thymeleaf.standard.processor.StandardInliningCDATASectionProcessor
[THYMELEAF]         * Comment Processors by [precedence]:
[THYMELEAF]             * [1000]: org.thymeleaf.standard.processor.StandardInliningCommentProcessor
[THYMELEAF]             * [1100]: org.thymeleaf.standard.processor.StandardConditionalCommentProcessor
[THYMELEAF]     * Processors for Template Mode: XML
[THYMELEAF]         * Element Tag Processors by [matching element and attribute name] [precedence]:
[THYMELEAF]             * [* {th:include}] [100]: org.thymeleaf.standard.processor.StandardIncludeTagProcessor
[THYMELEAF]             * [* {th:insert}] [100]: org.thymeleaf.standard.processor.StandardInsertTagProcessor
[THYMELEAF]             * [* {th:replace}] [100]: org.thymeleaf.standard.processor.StandardReplaceTagProcessor
[THYMELEAF]             * [* {th:each}] [200]: org.thymeleaf.standard.processor.StandardEachTagProcessor
[THYMELEAF]             * [* {th:switch}] [250]: org.thymeleaf.standard.processor.StandardSwitchTagProcessor
[THYMELEAF]             * [* {th:case}] [275]: org.thymeleaf.standard.processor.StandardCaseTagProcessor
[THYMELEAF]             * [* {th:if}] [300]: org.thymeleaf.standard.processor.StandardIfTagProcessor
[THYMELEAF]             * [* {th:unless}] [400]: org.thymeleaf.standard.processor.StandardUnlessTagProcessor
[THYMELEAF]             * [* {th:object}] [500]: org.thymeleaf.standard.processor.StandardObjectTagProcessor
[THYMELEAF]             * [* {th:with}] [600]: org.thymeleaf.standard.processor.StandardWithTagProcessor
[THYMELEAF]             * [* {th:attr}] [700]: org.thymeleaf.standard.processor.StandardAttrTagProcessor
[THYMELEAF]             * [* {th:attrprepend}] [800]: org.thymeleaf.standard.processor.StandardAttrprependTagProcessor
[THYMELEAF]             * [* {th:attrappend}] [900]: org.thymeleaf.standard.processor.StandardAttrappendTagProcessor
[THYMELEAF]             * [* {th:inline}] [1000]: org.thymeleaf.standard.processor.StandardInlineXMLTagProcessor
[THYMELEAF]             * [* {xmlns:th}] [1000]: org.thymeleaf.standard.processor.StandardXmlNsTagProcessor
[THYMELEAF]             * [* {th:text}] [1300]: org.thymeleaf.standard.processor.StandardTextTagProcessor
[THYMELEAF]             * [* {th:utext}] [1400]: org.thymeleaf.standard.processor.StandardUtextTagProcessor
[THYMELEAF]             * [* {th:fragment}] [1500]: org.thymeleaf.standard.processor.StandardFragmentTagProcessor
[THYMELEAF]             * [* {th:assert}] [1550]: org.thymeleaf.standard.processor.StandardAssertTagProcessor
[THYMELEAF]             * [* {th:remove}] [1600]: org.thymeleaf.standard.processor.StandardRemoveTagProcessor
[THYMELEAF]             * [* {th:ref}] [10000]: org.thymeleaf.standard.processor.StandardRefAttributeTagProcessor
[THYMELEAF]             * [{th:block} *] [100000]: org.thymeleaf.standard.processor.StandardBlockTagProcessor
[THYMELEAF]             * [* th:*] [2147483647]: org.thymeleaf.standard.processor.StandardDefaultAttributesTagProcessor
[THYMELEAF]         * Text Processors by [precedence]:
[THYMELEAF]             * [1000]: org.thymeleaf.standard.processor.StandardInliningTextProcessor
[THYMELEAF]         * CDATA Section Processors by [precedence]:
[THYMELEAF]             * [1000]: org.thymeleaf.standard.processor.StandardInliningCDATASectionProcessor
[THYMELEAF]         * Comment Processors by [precedence]:
[THYMELEAF]             * [1000]: org.thymeleaf.standard.processor.StandardInliningCommentProcessor
[THYMELEAF]     * Processors for Template Mode: TEXT
[THYMELEAF]         * Element Tag Processors by [matching element and attribute name] [precedence]:
[THYMELEAF]             * [* {th:insert}] [100]: org.thymeleaf.standard.processor.StandardInsertTagProcessor
[THYMELEAF]             * [* {th:replace}] [100]: org.thymeleaf.standard.processor.StandardReplaceTagProcessor
[THYMELEAF]             * [* {th:each}] [200]: org.thymeleaf.standard.processor.StandardEachTagProcessor
[THYMELEAF]             * [* {th:switch}] [250]: org.thymeleaf.standard.processor.StandardSwitchTagProcessor
[THYMELEAF]             * [* {th:case}] [275]: org.thymeleaf.standard.processor.StandardCaseTagProcessor
[THYMELEAF]             * [* {th:if}] [300]: org.thymeleaf.standard.processor.StandardIfTagProcessor
[THYMELEAF]             * [* {th:unless}] [400]: org.thymeleaf.standard.processor.StandardUnlessTagProcessor
[THYMELEAF]             * [* {th:object}] [500]: org.thymeleaf.standard.processor.StandardObjectTagProcessor
[THYMELEAF]             * [* {th:with}] [600]: org.thymeleaf.standard.processor.StandardWithTagProcessor
[THYMELEAF]             * [* {th:inline}] [1000]: org.thymeleaf.standard.processor.StandardInlineTextualTagProcessor
[THYMELEAF]             * [* {th:text}] [1300]: org.thymeleaf.standard.processor.StandardTextTagProcessor
[THYMELEAF]             * [* {th:utext}] [1400]: org.thymeleaf.standard.processor.StandardUtextTagProcessor
[THYMELEAF]             * [* {th:assert}] [1550]: org.thymeleaf.standard.processor.StandardAssertTagProcessor
[THYMELEAF]             * [* {th:remove}] [1600]: org.thymeleaf.standard.processor.StandardRemoveTagProcessor
[THYMELEAF]             * [* 100000] [org.thymeleaf.standard.processor.StandardBlockTagProcessor]: {}
[THYMELEAF]             * [{th:block} *] [100000]: org.thymeleaf.standard.processor.StandardBlockTagProcessor
[THYMELEAF]         * Text Processors by [precedence]:
[THYMELEAF]             * [1000]: org.thymeleaf.standard.processor.StandardInliningTextProcessor
[THYMELEAF]     * Processors for Template Mode: JAVASCRIPT
[THYMELEAF]         * Element Tag Processors by [matching element and attribute name] [precedence]:
[THYMELEAF]             * [* {th:insert}] [100]: org.thymeleaf.standard.processor.StandardInsertTagProcessor
[THYMELEAF]             * [* {th:replace}] [100]: org.thymeleaf.standard.processor.StandardReplaceTagProcessor
[THYMELEAF]             * [* {th:each}] [200]: org.thymeleaf.standard.processor.StandardEachTagProcessor
[THYMELEAF]             * [* {th:switch}] [250]: org.thymeleaf.standard.processor.StandardSwitchTagProcessor
[THYMELEAF]             * [* {th:case}] [275]: org.thymeleaf.standard.processor.StandardCaseTagProcessor
[THYMELEAF]             * [* {th:if}] [300]: org.thymeleaf.standard.processor.StandardIfTagProcessor
[THYMELEAF]             * [* {th:unless}] [400]: org.thymeleaf.standard.processor.StandardUnlessTagProcessor
[THYMELEAF]             * [* {th:object}] [500]: org.thymeleaf.standard.processor.StandardObjectTagProcessor
[THYMELEAF]             * [* {th:with}] [600]: org.thymeleaf.standard.processor.StandardWithTagProcessor
[THYMELEAF]             * [* {th:inline}] [1000]: org.thymeleaf.standard.processor.StandardInlineTextualTagProcessor
[THYMELEAF]             * [* {th:text}] [1300]: org.thymeleaf.standard.processor.StandardTextTagProcessor
[THYMELEAF]             * [* {th:utext}] [1400]: org.thymeleaf.standard.processor.StandardUtextTagProcessor
[THYMELEAF]             * [* {th:assert}] [1550]: org.thymeleaf.standard.processor.StandardAssertTagProcessor
[THYMELEAF]             * [* {th:remove}] [1600]: org.thymeleaf.standard.processor.StandardRemoveTagProcessor
[THYMELEAF]             * [* 100000] [org.thymeleaf.standard.processor.StandardBlockTagProcessor]: {}
[THYMELEAF]             * [{th:block} *] [100000]: org.thymeleaf.standard.processor.StandardBlockTagProcessor
[THYMELEAF]         * Text Processors by [precedence]:
[THYMELEAF]             * [1000]: org.thymeleaf.standard.processor.StandardInliningTextProcessor
[THYMELEAF]     * Processors for Template Mode: CSS
[THYMELEAF]         * Element Tag Processors by [matching element and attribute name] [precedence]:
[THYMELEAF]             * [* {th:insert}] [100]: org.thymeleaf.standard.processor.StandardInsertTagProcessor
[THYMELEAF]             * [* {th:replace}] [100]: org.thymeleaf.standard.processor.StandardReplaceTagProcessor
[THYMELEAF]             * [* {th:each}] [200]: org.thymeleaf.standard.processor.StandardEachTagProcessor
[THYMELEAF]             * [* {th:switch}] [250]: org.thymeleaf.standard.processor.StandardSwitchTagProcessor
[THYMELEAF]             * [* {th:case}] [275]: org.thymeleaf.standard.processor.StandardCaseTagProcessor
[THYMELEAF]             * [* {th:if}] [300]: org.thymeleaf.standard.processor.StandardIfTagProcessor
[THYMELEAF]             * [* {th:unless}] [400]: org.thymeleaf.standard.processor.StandardUnlessTagProcessor
[THYMELEAF]             * [* {th:object}] [500]: org.thymeleaf.standard.processor.StandardObjectTagProcessor
[THYMELEAF]             * [* {th:with}] [600]: org.thymeleaf.standard.processor.StandardWithTagProcessor
[THYMELEAF]             * [* {th:inline}] [1000]: org.thymeleaf.standard.processor.StandardInlineTextualTagProcessor
[THYMELEAF]             * [* {th:text}] [1300]: org.thymeleaf.standard.processor.StandardTextTagProcessor
[THYMELEAF]             * [* {th:utext}] [1400]: org.thymeleaf.standard.processor.StandardUtextTagProcessor
[THYMELEAF]             * [* {th:assert}] [1550]: org.thymeleaf.standard.processor.StandardAssertTagProcessor
[THYMELEAF]             * [* {th:remove}] [1600]: org.thymeleaf.standard.processor.StandardRemoveTagProcessor
[THYMELEAF]             * [* 100000] [org.thymeleaf.standard.processor.StandardBlockTagProcessor]: {}
[THYMELEAF]             * [{th:block} *] [100000]: org.thymeleaf.standard.processor.StandardBlockTagProcessor
[THYMELEAF]         * Text Processors by [precedence]:
[THYMELEAF]             * [1000]: org.thymeleaf.standard.processor.StandardInliningTextProcessor
[THYMELEAF]     * Expression Objects:
[THYMELEAF]         * #ctx
[THYMELEAF]         * #root
[THYMELEAF]         * #vars
[THYMELEAF]         * #object
[THYMELEAF]         * #locale
[THYMELEAF]         * #conversions
[THYMELEAF]         * #uris
[THYMELEAF]         * #temporals
[THYMELEAF]         * #calendars
[THYMELEAF]         * #dates
[THYMELEAF]         * #bools
[THYMELEAF]         * #numbers
[THYMELEAF]         * #objects
[THYMELEAF]         * #strings
[THYMELEAF]         * #arrays
[THYMELEAF]         * #lists
[THYMELEAF]         * #sets
[THYMELEAF]         * #maps
[THYMELEAF]         * #aggregates
[THYMELEAF]         * #messages
[THYMELEAF]         * #ids
[THYMELEAF]         * #execInfo
[THYMELEAF]         * #request
[THYMELEAF]         * #response
[THYMELEAF]         * #session
[THYMELEAF]         * #servletContext
[THYMELEAF]         * #fields
[THYMELEAF]         * #themes
[THYMELEAF]         * #mvc
[THYMELEAF]         * #requestdatavalues
[THYMELEAF]     * Execution Attributes:
[THYMELEAF]         * "StandardExpressionParser": Standard Expression Parser
[THYMELEAF]         * "StandardJavaScriptSerializer": org.thymeleaf.standard.serializer.StandardJavaScriptSerializer@62bf5775
[THYMELEAF]         * "StandardCSSSerializer": org.thymeleaf.standard.serializer.StandardCSSSerializer@4573acad
[THYMELEAF]         * "EnableSpringELCompiler": false
[THYMELEAF]         * "StandardVariableExpressionEvaluator": SpringEL
[THYMELEAF]         * "StandardConversionService": org.thymeleaf.spring6.expression.SpringStandardConversionService@1169fbe8
[THYMELEAF] TEMPLATE ENGINE CONFIGURED OK
2025-02-04 11:53:40 DEBUG [main] org.thymeleaf.TemplateEngine - [THYMELEAF] TEMPLATE ENGINE INITIALIZED
Hibernate: 
    select
        r1_0.id,
        r1_0.slot,
        r1_0.charging_station,
        r1_0.name,
        r1_0.reservation_time,
        r1_0.spot_id,
        r1_0.status,
        r1_0.user_id,
        r1_0.vehicle_number 
    from
        reservations r1_0 
    left join
        users u1_0 
            on u1_0.id=r1_0.user_id 
    where
        u1_0.id=?
]]></system-out>
  </testcase>
  <testcase name="testAddReservationFormWhenUserHasNoEV" classname="com.quick_park_assist.controllerTest.ReservationControllerTest" time="0.005"/>
  <testcase name="testListReservations_NoReservations1" classname="com.quick_park_assist.controllerTest.ReservationControllerTest" time="0.004"/>
  <testcase name="testUpdateSpotDetails_WhenSessionIsNull_ShouldRedirectToLogin" classname="com.quick_park_assist.controllerTest.ReservationControllerTest" time="0.003"/>
  <testcase name="testListReservations_UserNotLoggedIn" classname="com.quick_park_assist.controllerTest.ReservationControllerTest" time="0.005"/>
  <testcase name="testAddReservation_InvalidTimeSlot" classname="com.quick_park_assist.controllerTest.ReservationControllerTest" time="0.002"/>
  <testcase name="testDeleteReservation_UnsuccessfulDeletion_ShouldRedirectWithErrorMessage" classname="com.quick_park_assist.controllerTest.ReservationControllerTest" time="0.004"/>
  <testcase name="testReservationNotFoundForDeletion" classname="com.quick_park_assist.controllerTest.ReservationControllerTest" time="0.003"/>
  <testcase name="testAddReservationForm_NoSession" classname="com.quick_park_assist.controllerTest.ReservationControllerTest" time="0.006"/>
  <testcase name="testDeleteReservation_Successful" classname="com.quick_park_assist.controllerTest.ReservationControllerTest" time="0.003"/>
  <testcase name="testListReservations_LoggedInUser" classname="com.quick_park_assist.controllerTest.ReservationControllerTest" time="0.004"/>
  <testcase name="testDeleteReservationSuccess" classname="com.quick_park_assist.controllerTest.ReservationControllerTest" time="0.007"/>
  <testcase name="testDeleteReservation_UserNotLoggedIn" classname="com.quick_park_assist.controllerTest.ReservationControllerTest" time="0.005"/>
  <testcase name="testDeleteReservation_Invalid" classname="com.quick_park_assist.controllerTest.ReservationControllerTest" time="0.01">
    <system-out><![CDATA[2025-02-04 11:53:41 WARN  [main] org.springframework.web.servlet.mvc.support.DefaultHandlerExceptionResolver - Resolved [org.springframework.web.bind.MissingServletRequestParameterException: Required request parameter 'id' for method parameter type Long is not present]
]]></system-out>
  </testcase>
  <testcase name="testInvalidReservationIdForUpdate" classname="com.quick_park_assist.controllerTest.ReservationControllerTest" time="0.022"/>
  <testcase name="testUpdateReservation_InvalidDate" classname="com.quick_park_assist.controllerTest.ReservationControllerTest" time="0.01"/>
  <testcase name="testListReservationsUserLoggedIn" classname="com.quick_park_assist.controllerTest.ReservationControllerTest" time="0.004"/>
  <testcase name="testListReservations_UserLoggedIn1" classname="com.quick_park_assist.controllerTest.ReservationControllerTest" time="0.005"/>
  <testcase name="testAddReservationForm_NoEV" classname="com.quick_park_assist.controllerTest.ReservationControllerTest" time="0.01"/>
  <testcase name="testDeleteReservation_Success1" classname="com.quick_park_assist.controllerTest.ReservationControllerTest" time="0.007"/>
  <testcase name="testListReservationsUserNotLoggedIn" classname="com.quick_park_assist.controllerTest.ReservationControllerTest" time="0.004"/>
  <testcase name="testEditFormUserNotLoggedIn" classname="com.quick_park_assist.controllerTest.ReservationControllerTest" time="0.004"/>
  <testcase name="testDeleteReservation_Success" classname="com.quick_park_assist.controllerTest.ReservationControllerTest" time="0.005"/>
  <testcase name="testDeleteReservationWhenUserIsLoggedIn" classname="com.quick_park_assist.controllerTest.ReservationControllerTest" time="0.01"/>
  <testcase name="testShowReservationList_NoReservations" classname="com.quick_park_assist.controllerTest.ReservationControllerTest" time="0.021">
    <system-out><![CDATA[Hibernate: 
    select
        r1_0.id,
        r1_0.slot,
        r1_0.charging_station,
        r1_0.name,
        r1_0.reservation_time,
        r1_0.spot_id,
        r1_0.status,
        r1_0.user_id,
        r1_0.vehicle_number 
    from
        reservations r1_0 
    left join
        users u1_0 
            on u1_0.id=r1_0.user_id 
    where
        u1_0.id=?
]]></system-out>
  </testcase>
  <testcase name="testDeleteReservation_InvalidHttpMethod" classname="com.quick_park_assist.controllerTest.ReservationControllerTest" time="0.017">
    <system-out><![CDATA[2025-02-04 11:53:41 WARN  [main] org.springframework.web.servlet.mvc.support.DefaultHandlerExceptionResolver - Resolved [org.springframework.web.HttpRequestMethodNotSupportedException: Request method 'GET' is not supported]
]]></system-out>
  </testcase>
  <testcase name="testListReservationsWhenUserIsLoggedIn" classname="com.quick_park_assist.controllerTest.ReservationControllerTest" time="0.004"/>
  <testcase name="testDeleteReservationFailure" classname="com.quick_park_assist.controllerTest.ReservationControllerTest" time="0.004"/>
  <testcase name="testDeleteReservation_EmptyId" classname="com.quick_park_assist.controllerTest.ReservationControllerTest" time="0.011"/>
  <testcase name="testAddReservation_InvalidUserRedirectsToLogin" classname="com.quick_park_assist.controllerTest.ReservationControllerTest" time="0.005"/>
  <testcase name="testDeleteReservationWithNonExistentId" classname="com.quick_park_assist.controllerTest.ReservationControllerTest" time="0.004"/>
  <testcase name="testAddReservationForm_NoEVAvailable" classname="com.quick_park_assist.controllerTest.ReservationControllerTest" time="0.004"/>
  <testcase name="testAddReservationFormUserHasNoEV" classname="com.quick_park_assist.controllerTest.ReservationControllerTest" time="0.006"/>
  <testcase name="testDeleteReservationByInvalidId" classname="com.quick_park_assist.controllerTest.ReservationControllerTest" time="0.005"/>
  <testcase name="testAddReservationForm_UserHasEV_ShouldReturnAddReservationView" classname="com.quick_park_assist.controllerTest.ReservationControllerTest" time="0.006"/>
  <testcase name="testAddReservation_InvalidSession" classname="com.quick_park_assist.controllerTest.ReservationControllerTest" time="0.005"/>
  <testcase name="testAddReservation_InvalidVehicleOrSpotSelection" classname="com.quick_park_assist.controllerTest.ReservationControllerTest" time="0.006"/>
  <testcase name="testDatabaseUserLookupFailure" classname="com.quick_park_assist.controllerTest.ReservationControllerTest" time="0.024">
    <system-out><![CDATA[2025-02-04 11:53:41 INFO  [main] com.quick_park_assist.controller.ReservationController - Your Charging Station is SPOT ID is =  1 
Hibernate: 
    select
        ps1_0.id,
        ps1_0.additional_instructions,
        ps1_0.availability,
        ps1_0.location,
        ps1_0.price_per_hour,
        ps1_0.spot_location,
        ps1_0.spot_type,
        ps1_0.user_id,
        u1_0.id,
        u1_0.active,
        u1_0.address,
        u1_0.created_at,
        u1_0.email,
        u1_0.full_name,
        u1_0.password,
        u1_0.phone_number,
        u1_0.user_type 
    from
        parking_spot ps1_0 
    join
        users u1_0 
            on u1_0.id=ps1_0.user_id 
    where
        ps1_0.id=?
]]></system-out>
  </testcase>
  <testcase name="testDeleteReservation_Failure" classname="com.quick_park_assist.controllerTest.ReservationControllerTest" time="0.007"/>
  <testcase name="testCancelReservation_NonExistentReservation" classname="com.quick_park_assist.controllerTest.ReservationControllerTest" time="0.005"/>
  <testcase name="testReservationServiceCalledCorrectly" classname="com.quick_park_assist.controllerTest.ReservationControllerTest" time="0.004"/>
  <testcase name="testModelReceivesReservationList" classname="com.quick_park_assist.controllerTest.ReservationControllerTest" time="0.006"/>
  <testcase name="testAddReservationWithInvalidUser" classname="com.quick_park_assist.controllerTest.ReservationControllerTest" time="0.003"/>
  <testcase name="testShowDeleteFormUserLoggedIn" classname="com.quick_park_assist.controllerTest.ReservationControllerTest" time="0.004"/>
  <testcase name="testDeleteReservation_WhenSessionHasUser_ShouldReturnCancelReservationView" classname="com.quick_park_assist.controllerTest.ReservationControllerTest" time="0.004"/>
  <testcase name="testListReservations_WhenSessionHasUser_ShouldReturnViewReservations" classname="com.quick_park_assist.controllerTest.ReservationControllerTest" time="0.004"/>
  <testcase name="testListReservations_NoUserInSession_ShouldRedirectToLogin" classname="com.quick_park_assist.controllerTest.ReservationControllerTest" time="0.004"/>
  <testcase name="testReservationList_EmptyReservationList" classname="com.quick_park_assist.controllerTest.ReservationControllerTest" time="0.005"/>
  <testcase name="testListReservations_UserLoggedIn" classname="com.quick_park_assist.controllerTest.ReservationControllerTest" time="0.005"/>
  <testcase name="testAddReservation_InvalidDate" classname="com.quick_park_assist.controllerTest.ReservationControllerTest" time="0.004"/>
  <testcase name="testAddReservation_InvalidReservationTime" classname="com.quick_park_assist.controllerTest.ReservationControllerTest" time="0.005"/>
  <testcase name="testAddReservationForm_WhenNoEVSpots_ShouldRedirectToVehicleAdd" classname="com.quick_park_assist.controllerTest.ReservationControllerTest" time="0.005"/>
  <testcase name="testAddReservationWithoutEVVehicle" classname="com.quick_park_assist.controllerTest.ReservationControllerTest" time="0.004"/>
  <testcase name="testParkingSpotWithMissingLocation" classname="com.quick_park_assist.controllerTest.ReservationControllerTest" time="0.011">
    <system-out><![CDATA[2025-02-04 11:53:41 INFO  [main] com.quick_park_assist.controller.ReservationController - Your Charging Station is SPOT ID is =  1 
Hibernate: 
    select
        ps1_0.id,
        ps1_0.additional_instructions,
        ps1_0.availability,
        ps1_0.location,
        ps1_0.price_per_hour,
        ps1_0.spot_location,
        ps1_0.spot_type,
        ps1_0.user_id,
        u1_0.id,
        u1_0.active,
        u1_0.address,
        u1_0.created_at,
        u1_0.email,
        u1_0.full_name,
        u1_0.password,
        u1_0.phone_number,
        u1_0.user_type 
    from
        parking_spot ps1_0 
    join
        users u1_0 
            on u1_0.id=ps1_0.user_id 
    where
        ps1_0.id=?
]]></system-out>
  </testcase>
  <testcase name="testAddReservationForm_WhenEVSpotAvailable_ShouldReturnAddReservationView" classname="com.quick_park_assist.controllerTest.ReservationControllerTest" time="0.009"/>
  <testcase name="testListReservations_WhenUserLoggedIn_ShouldReturnViewReservations" classname="com.quick_park_assist.controllerTest.ReservationControllerTest" time="0.004"/>
  <testcase name="testAddReservationWithMissingParkingSpot" classname="com.quick_park_assist.controllerTest.ReservationControllerTest" time="0.004"/>
</testsuite>